
> drivingschool-management@1.0.0 dev
> vite


  VITE v5.4.20  ready in 282 ms

  ➜  Local:   http://localhost:3000/
  ➜  Network: http://172.20.10.136:3000/
8:08:26 AM [vite] Pre-transform error: Transform failed with 1 error:
/home/workspace/src/main.jsx:5:51: ERROR: Unexpected "!"
8:08:27 AM [vite] Internal server error: Transform failed with 1 error:
/home/workspace/src/main.jsx:5:51: ERROR: Unexpected "!"
  Plugin: vite:esbuild
  File: /home/workspace/src/main.jsx:5:51
  
  Unexpected "!"
  3  |  import App from './App'
  4  |  
  5  |  ReactDOM.createRoot(document.getElementById('root')!).render(
     |                                                     ^
  6  |    <React.StrictMode>
  7  |      <App />
  
      at failureErrorWithLog (/home/workspace/node_modules/esbuild/lib/main.js:1472:15)
      at /home/workspace/node_modules/esbuild/lib/main.js:755:50
      at responseCallbacks.<computed> (/home/workspace/node_modules/esbuild/lib/main.js:622:9)
      at handleIncomingPacket (/home/workspace/node_modules/esbuild/lib/main.js:677:12)
      at Socket.readFromStdout (/home/workspace/node_modules/esbuild/lib/main.js:600:7)
      at Socket.emit (node:events:508:28)
      at addChunk (node:internal/streams/readable:559:12)
      at readableAddChunkPushByteMode (node:internal/streams/readable:510:3)
      at Readable.push (node:internal/streams/readable:390:5)
      at Pipe.onStreamRead (node:internal/stream_base_commons:189:23)
8:08:28 AM [vite] Pre-transform error: Transform failed with 1 error:
/home/workspace/src/main.jsx:5:51: ERROR: Unexpected "!"
8:08:48 AM [vite] Pre-transform error: Transform failed with 1 error:
/home/workspace/src/main.jsx:5:51: ERROR: Unexpected "!"
8:08:50 AM [vite] Pre-transform error: Transform failed with 1 error:
/home/workspace/src/main.jsx:5:51: ERROR: Unexpected "!"
8:08:50 AM [vite] Internal server error: Transform failed with 1 error:
/home/workspace/src/main.jsx:5:51: ERROR: Unexpected "!"
  Plugin: vite:esbuild
  File: /home/workspace/src/main.jsx:5:51
  
  Unexpected "!"
  3  |  import App from './App'
  4  |  
  5  |  ReactDOM.createRoot(document.getElementById('root')!).render(
     |                                                     ^
  6  |    <React.StrictMode>
  7  |      <App />
  
      at failureErrorWithLog (/home/workspace/node_modules/esbuild/lib/main.js:1472:15)
      at /home/workspace/node_modules/esbuild/lib/main.js:755:50
      at responseCallbacks.<computed> (/home/workspace/node_modules/esbuild/lib/main.js:622:9)
      at handleIncomingPacket (/home/workspace/node_modules/esbuild/lib/main.js:677:12)
      at Socket.readFromStdout (/home/workspace/node_modules/esbuild/lib/main.js:600:7)
      at Socket.emit (node:events:508:28)
      at addChunk (node:internal/streams/readable:559:12)
      at readableAddChunkPushByteMode (node:internal/streams/readable:510:3)
      at Readable.push (node:internal/streams/readable:390:5)
      at Pipe.onStreamRead (node:internal/stream_base_commons:189:23)
